<?xml version="1.0" encoding="UTF-8" ?>
<testsuite tests="13" failures="0" name="runner.TestRunner" time="46.251" errors="0" skipped="0">
  <properties>
[...]
</properties>
  <testcase classname="Validating NYTimes APIs" name="Search NYTimes Article" time="11.542"/>
  <testcase classname="Validating NYTimes APIs" name="Get Book Reviews by Author, ISBN, Title" time="1.405"/>
  <testcase classname="Validating NYTimes APIs" name="Get Book Reviews by Author, ISBN, Title" time="1.898"/>
  <testcase classname="Validating NYTimes APIs" name="Get Book Reviews by Author, ISBN, Title" time="7.39"/>
  <testcase classname="Validating NYTimes APIs" name="Get BestSellers List History" time="1.44"/>
  <testcase classname="Validating NYTimes APIs" name="Get articles currently on the section front or the home page" time="7.248"/>
  <testcase classname="Validating RestfulBookers API&apos;s" name="Create a token" time="0.793"/>
  <testcase classname="Validating RestfulBookers API&apos;s" name="Create a booking" time="1.312"/>
  <testcase classname="Validating TheCat API&apos;s" name="Fetch all public images" time="2.32"/>
  <testcase classname="Validating TheCat API&apos;s" name="Fetch all public images" time="2.826"/>
  <testcase classname="Validating TheCat API&apos;s" name="Vote for an image" time="1.512"/>
  <testcase classname="Validating TheCat API&apos;s" name="Save the favorite image" time="1.586"/>
  <testcase classname="Validating TheCat API&apos;s" name="Search breeds by name" time="4.979"/>
</testsuite>